<?xml version="1.0" encoding="UTF-8"?>
<!-- Generated by org.testng.reporters.JUnitReportReporter -->
<testsuite hostname="DESKTOP-U7KKB2A" failures="0" tests="2" name="ecomm.pagetestcase.TestHomePage" time="53.634" errors="0" timestamp="2023-02-06T19:27:47 IST" skipped="0">
  <testcase classname="ecomm.pagetestcase.TestHomePage" name="testCreateAccount" time="22.192"/>
  <system-out/>
  <testcase classname="ecomm.pagetestcase.TestHomePage" name="testPagetitle" time="31.442"/>
  <system-out/>
</testsuite> <!-- ecomm.pagetestcase.TestHomePage -->
